2020-02-28 11:11:57: { Error: Connection lost: The server closed the connection.
2020-02-28 11:11:57:     at Protocol.end (/Users/reedli/develop/nodeJs/blog0222/backend-koa2/node_modules/mysql/lib/protocol/Protocol.js:112:13)
2020-02-28 11:11:57:     at Socket.<anonymous> (/Users/reedli/develop/nodeJs/blog0222/backend-koa2/node_modules/mysql/lib/Connection.js:94:28)
2020-02-28 11:11:57:     at Socket.<anonymous> (/Users/reedli/develop/nodeJs/blog0222/backend-koa2/node_modules/mysql/lib/Connection.js:526:10)
2020-02-28 11:11:57:     at Socket.emit (events.js:203:15)
2020-02-28 11:11:57:     at endReadableNT (_stream_readable.js:1145:12)
2020-02-28 11:11:57:     at process._tickCallback (internal/process/next_tick.js:63:19) fatal: true, code: 'PROTOCOL_CONNECTION_LOST' }
2020-02-28 22:23:32: { Error: Connection lost: The server closed the connection.
2020-02-28 22:23:32:     at Protocol.end (/Users/reedli/develop/nodeJs/blog0222/backend-koa2/node_modules/mysql/lib/protocol/Protocol.js:112:13)
2020-02-28 22:23:32:     at Socket.<anonymous> (/Users/reedli/develop/nodeJs/blog0222/backend-koa2/node_modules/mysql/lib/Connection.js:94:28)
2020-02-28 22:23:32:     at Socket.<anonymous> (/Users/reedli/develop/nodeJs/blog0222/backend-koa2/node_modules/mysql/lib/Connection.js:526:10)
2020-02-28 22:23:32:     at Socket.emit (events.js:203:15)
2020-02-28 22:23:32:     at endReadableNT (_stream_readable.js:1145:12)
2020-02-28 22:23:32:     at process._tickCallback (internal/process/next_tick.js:63:19) fatal: true, code: 'PROTOCOL_CONNECTION_LOST' }
2020-02-29 15:43:36: { Error: Connection lost: The server closed the connection.
2020-02-29 15:43:36:     at Protocol.end (/Users/reedli/develop/nodeJs/blog0222/backend-koa2/node_modules/mysql/lib/protocol/Protocol.js:112:13)
2020-02-29 15:43:36:     at Socket.<anonymous> (/Users/reedli/develop/nodeJs/blog0222/backend-koa2/node_modules/mysql/lib/Connection.js:94:28)
2020-02-29 15:43:36:     at Socket.<anonymous> (/Users/reedli/develop/nodeJs/blog0222/backend-koa2/node_modules/mysql/lib/Connection.js:526:10)
2020-02-29 15:43:36:     at Socket.emit (events.js:203:15)
2020-02-29 15:43:36:     at endReadableNT (_stream_readable.js:1145:12)
2020-02-29 15:43:36:     at process._tickCallback (internal/process/next_tick.js:63:19) fatal: true, code: 'PROTOCOL_CONNECTION_LOST' }
