2020-02-Th 12:10:48:   <-- POST /api/user/login
2020-02-Th 12:10:48: POST /api/user/login - 10ms
2020-02-Th 12:10:48:   --> POST /api/user/login 200 15ms 111b
2020-02-Th 12:10:48:   <-- GET /api/blog/list
2020-02-Th 12:10:48: GET /api/blog/list - 4ms
2020-02-Th 12:10:48:   --> GET /api/blog/list 200 6ms 294b
2020-02-Th 12:11:50:   <-- POST /api/user/login
2020-02-Th 12:11:50: POST /api/user/login - 11ms
2020-02-Th 12:11:50:   --> POST /api/user/login 200 16ms 111b
2020-02-Th 12:11:50:   <-- GET /api/blog/list
2020-02-Th 12:11:50: GET /api/blog/list - 3ms
2020-02-Th 12:11:50:   --> GET /api/blog/list 200 4ms 294b
2020-02-27 12:12:18:   <-- POST /api/user/login
2020-02-27 12:12:18: POST /api/user/login - 10ms
2020-02-27 12:12:18:   --> POST /api/user/login 200 16ms 111b
2020-02-27 12:12:18:   <-- GET /api/blog/list
2020-02-27 12:12:18: GET /api/blog/list - 4ms
2020-02-27 12:12:18:   --> GET /api/blog/list 200 5ms 294b
2020-02-27 14:26:44:   <-- GET /api/blog/list
2020-02-27 14:26:44: GET /api/blog/list - 6ms
2020-02-27 14:26:44:   --> GET /api/blog/list 200 12ms 34b
2020-02-27 15:35:49:   <-- GET /api/blog/list
2020-02-27 15:35:49: GET /api/blog/list - 1ms
2020-02-27 15:35:49:   --> GET /api/blog/list 200 2ms 34b
2020-02-27 23:28:33:   <-- GET /api/blog/list
2020-02-27 23:28:33: GET /api/blog/list - 2ms
2020-02-27 23:28:33:   --> GET /api/blog/list 200 3ms 34b
